Build started 3/18/2018 11:23:06 PM.
     1>Project "D:\My Documents\Programming\CPP\win-net-source\chapter04\VS_Code_Test_Chap04\Test_Chap04\Test_Chap04\Test_Chap04.vcxproj" on node 2 (Build target(s)).
     1>ClCompile:
         C:\Program Files (x86)\Microsoft Visual Studio 12.0\VC\bin\CL.exe /c /ZI /nologo /W3 /WX- /sdl /Od /Oy- /D WIN32 /D _DEBUG /D _CONSOLE /D _LIB /D _UNICODE /D UNICODE /Gm /EHsc /RTC1 /MDd /GS /fp:precise /Zc:wchar_t /Zc:forScope /Fo"Debug\\" /Fd"Debug\vc120.pdb" /Gd /TP /analyze- /errorReport:prompt ..\..\main.cpp
         main.cpp
       Link:
         C:\Program Files (x86)\Microsoft Visual Studio 12.0\VC\bin\link.exe /ERRORREPORT:PROMPT /OUT:"D:\My Documents\Programming\CPP\win-net-source\chapter04\VS_Code_Test_Chap04\Test_Chap04\Debug\Test_Chap04.exe" /INCREMENTAL /NOLOGO kernel32.lib user32.lib gdi32.lib winspool.lib comdlg32.lib advapi32.lib shell32.lib ole32.lib oleaut32.lib uuid.lib odbc32.lib odbccp32.lib /MANIFEST /MANIFESTUAC:"level='asInvoker' uiAccess='false'" /manifest:embed /DEBUG /PDB:"D:\My Documents\Programming\CPP\win-net-source\chapter04\VS_Code_Test_Chap04\Test_Chap04\Debug\Test_Chap04.pdb" /SUBSYSTEM:CONSOLE /TLBID:1 /DYNAMICBASE /NXCOMPAT /IMPLIB:"D:\My Documents\Programming\CPP\win-net-source\chapter04\VS_Code_Test_Chap04\Test_Chap04\Debug\Test_Chap04.lib" /MACHINE:X86 Debug\grade.obj
         Debug\main.obj
         Debug\median.obj
         Debug\Student_info.obj
     1>main.obj : error LNK2005: "double __cdecl grade(double,double,class std::vector<double,class std::allocator<double> > const &)" (?grade@@YANNNABV?$vector@NV?$allocator@N@std@@@std@@@Z) already defined in grade.obj
     1>main.obj : error LNK2005: "double __cdecl grade(double,double,double)" (?grade@@YANNNN@Z) already defined in grade.obj
     1>median.obj : error LNK2005: "double __cdecl median(class std::vector<double,class std::allocator<double> >)" (?median@@YANV?$vector@NV?$allocator@N@std@@@std@@@Z) already defined in main.obj
     1>Student_info.obj : error LNK2005: "class std::basic_istream<char,struct std::char_traits<char> > & __cdecl read_hw(class std::basic_istream<char,struct std::char_traits<char> > &,class std::vector<double,class std::allocator<double> > &)" (?read_hw@@YAAAV?$basic_istream@DU?$char_traits@D@std@@@std@@AAV12@AAV?$vector@NV?$allocator@N@std@@@2@@Z) already defined in main.obj
     1>D:\My Documents\Programming\CPP\win-net-source\chapter04\VS_Code_Test_Chap04\Test_Chap04\Debug\Test_Chap04.exe : fatal error LNK1169: one or more multiply defined symbols found
     1>Done Building Project "D:\My Documents\Programming\CPP\win-net-source\chapter04\VS_Code_Test_Chap04\Test_Chap04\Test_Chap04\Test_Chap04.vcxproj" (Build target(s)) -- FAILED.

Build FAILED.

Time Elapsed 00:00:00.72
